#
# There is insufficient memory for the Java Runtime Environment to continue.
# Native memory allocation (mmap) failed to map 67108864 bytes for G1 virtual space
# Possible reasons:
#   The system is out of physical RAM or swap space
#   The process is running with CompressedOops enabled, and the Java Heap may be blocking the growth of the native heap
# Possible solutions:
#   Reduce memory load on the system
#   Increase physical memory or swap space
#   Check if swap backing store is full
#   Decrease Java heap size (-Xmx/-Xms)
#   Decrease number of Java threads
#   Decrease Java thread stack sizes (-Xss)
#   Set larger code cache with -XX:ReservedCodeCacheSize=
#   JVM is running with Unscaled Compressed Oops mode in which the Java heap is
#     placed in the first 4GB address space. The Java Heap base address is the
#     maximum limit for the native heap growth. Please use -XX:HeapBaseMinAddress
#     to set the Java Heap base and to place the Java Heap above 4GB virtual address.
# This output file may be truncated or incomplete.
#
#  Out of Memory Error (./open/src/hotspot/os/windows/os_windows.cpp:3321), pid=2736, tid=8800
#
# JRE version:  (15.0.2+7) (build )
# Java VM: Java HotSpot(TM) 64-Bit Server VM (15.0.2+7-27, mixed mode, sharing, tiered, compressed oops, g1 gc, windows-amd64)
# No core dump will be written. Minidumps are not enabled by default on client versions of Windows
#

---------------  S U M M A R Y ------------

Command Line: -Dorg.gradle.appname=gradlew org.gradle.wrapper.GradleWrapperMain -q -Ptarget-platform=android-arm -Ptarget=D:\App\lib\main.dart -Ptrack-widget-creation=true -Pfilesystem-scheme=org-dartlang-root assembleDebug

Host: Intel(R) Celeron(R) CPU  N3050  @ 1.60GHz, 2 cores, 3G,  Windows 10 , 64 bit Build 19041 (10.0.19041.1151)
Time: Tue Sep 28 10:03:08 2021 E. Africa Standard Time elapsed time: 0.341654 seconds (0d 0h 0m 0s)

---------------  T H R E A D  ---------------

Current thread (0x00000280fe728220):  JavaThread "Unknown thread" [_thread_in_vm, id=8800, stack(0x000000d18f400000,0x000000d18f500000)]

Stack: [0x000000d18f400000,0x000000d18f500000]
Native frames: (J=compiled Java code, j=interpreted, Vv=VM code, C=native code)
V  [jvm.dll+0x62ae9a]
V  [jvm.dll+0x7817a9]
V  [jvm.dll+0x782f03]
V  [jvm.dll+0x783563]
V  [jvm.dll+0x216325]
V  [jvm.dll+0x6281d9]
V  [jvm.dll+0x61cf55]
V  [jvm.dll+0x2cffdd]
V  [jvm.dll+0x2cfe42]
V  [jvm.dll+0x2d5e1c]
V  [jvm.dll+0x32590a]
V  [jvm.dll+0x324fd4]
V  [jvm.dll+0x2a6f5a]
V  [jvm.dll+0x2a80f8]
V  [jvm.dll+0x75e241]
V  [jvm.dll+0x3341c4]
V  [jvm.dll+0x73e926]
V  [jvm.dll+0x3b7557]
V  [jvm.dll+0x3b8fe1]
C  [jli.dll+0x52fb]
C  [ucrtbase.dll+0x21bb2]
C  [KERNEL32.DLL+0x17034]
C  [ntdll.dll+0x52651]


---------------  P R O C E S S  ---------------

Threads class SMR info:
_java_thread_list=0x00007ff9eeb94ff0, length=0, elements={
}

Java Threads: ( => current thread )

Other Threads:
  0x00000280fe754b40 GCTaskThread "GC Thread#0" [stack: 0x000000d18f500000,0x000000d18f600000] [id=3680]
  0x00000280fe75eae0 ConcurrentGCThread "G1 Main Marker" [stack: 0x000000d18f600000,0x000000d18f700000] [id=4280]
  0x00000280fe75f7a0 ConcurrentGCThread "G1 Conc#0" [stack: 0x000000d18f700000,0x000000d18f800000] [id=5420]

[error occurred during error reporting (printing all threads), id 0xc0000005, EXCEPTION_ACCESS_VIOLATION (0xc0000005) at pc=0x00007ff9ee387e27]

VM state: not at safepoint (not fully initialized)

VM Mutex/Monitor currently owned by a thread:  ([mutex/lock_event])
[0x00000280fe7234a0] Heap_lock - owner thread: 0x00000280fe728220

Heap address: 0x00000000c1600000, size: 1002 MB, Compressed Oops mode: 32-bit
CDS archive(s) mapped at: [0x0000000000000000-0x0000000000000000-0x0000000000000000), size 0, SharedBaseAddress: 0x0000000800000000, ArchiveRelocationMode: 0.
Narrow klass base: 0x0000000000000000, Narrow klass shift: 0, Narrow klass range: 0x0

Heap:
 garbage-first heap   total 65536K, used 0K [0x00000000c1600000, 0x0000000100000000)
  region size 1024K, 0 young (0K), 0 survivors (0K)
 Metaspace       used 0K, capacity 0K, committed 0K, reserved 0K
  class space    used 0K, capacity 0K, committed 0K, reserved 0K

Heap Regions: E=young(eden), S=young(survivor), O=old, HS=humongous(starts), HC=humongous(continues), CS=collection set, F=free, OA=open archive, CA=closed archive, TAMS=top-at-mark-start (previous, next)

Card table byte_map: [0x0000028097760000,0x0000028097960000] _byte_map_base: 0x0000028097155000

Marking Bits (Prev, Next): (CMBitMap*) 0x00000280fe7553b0, (CMBitMap*) 0x00000280fe7553f0
 Prev Bits: [0x0000028097b60000, 0x0000028098b08000)
 Next Bits: [0x0000028098b10000, 0x0000028099ab8000)

GC Heap History (0 events):
No events

Deoptimization events (0 events):
No events

Classes unloaded (0 events):
No events

Classes redefined (0 events):
No events

Internal exceptions (0 events):
No events

Events (1 events):
Event: 0.069 Loaded shared library C:\Program Files\Java\jdk-15.0.2\bin\java.dll


Dynamic libraries:
0x00007ff785a60000 - 0x00007ff785a6f000 	C:\Program Files\Java\jdk-15.0.2\bin\java.exe
0x00007ffa35c50000 - 0x00007ffa35e45000 	C:\WINDOWS\SYSTEM32\ntdll.dll
0x00007ffa11540000 - 0x00007ffa11555000 	C:\Program Files\AVAST Software\Avast\aswhook.dll
0x00007ffa354d0000 - 0x00007ffa3558d000 	C:\WINDOWS\System32\KERNEL32.DLL
0x00007ffa33470000 - 0x00007ffa33739000 	C:\WINDOWS\System32\KERNELBASE.dll
0x00007ffa339a0000 - 0x00007ffa33aa0000 	C:\WINDOWS\System32\ucrtbase.dll
0x00007ffa158f0000 - 0x00007ffa15909000 	C:\Program Files\Java\jdk-15.0.2\bin\VCRUNTIME140.dll
0x00007ffa135c0000 - 0x00007ffa135d8000 	C:\Program Files\Java\jdk-15.0.2\bin\jli.dll
0x00007ffa35220000 - 0x00007ffa352cc000 	C:\WINDOWS\System32\ADVAPI32.dll
0x00007ffa33cb0000 - 0x00007ffa33d4e000 	C:\WINDOWS\System32\msvcrt.dll
0x00007ffa34d00000 - 0x00007ffa34d9b000 	C:\WINDOWS\System32\sechost.dll
0x00007ffa34640000 - 0x00007ffa3476a000 	C:\WINDOWS\System32\RPCRT4.dll
0x00007ffa35330000 - 0x00007ffa354d0000 	C:\WINDOWS\System32\USER32.dll
0x00007ffa33ad0000 - 0x00007ffa33af2000 	C:\WINDOWS\System32\win32u.dll
0x00007ffa253d0000 - 0x00007ffa2566a000 	C:\WINDOWS\WinSxS\amd64_microsoft.windows.common-controls_6595b64144ccf1df_6.0.19041.1110_none_60b5254171f9507e\COMCTL32.dll
0x00007ffa34820000 - 0x00007ffa3484a000 	C:\WINDOWS\System32\GDI32.dll
0x00007ffa33890000 - 0x00007ffa3399b000 	C:\WINDOWS\System32\gdi32full.dll
0x00007ffa33740000 - 0x00007ffa337dd000 	C:\WINDOWS\System32\msvcp_win.dll
0x00007ffa24f00000 - 0x00007ffa24f0a000 	C:\WINDOWS\SYSTEM32\VERSION.dll
0x00007ffa35bb0000 - 0x00007ffa35be0000 	C:\WINDOWS\System32\IMM32.DLL
0x00007ffa24eb0000 - 0x00007ffa24ebc000 	C:\Program Files\Java\jdk-15.0.2\bin\vcruntime140_1.dll
0x00007ffa01220000 - 0x00007ffa012b1000 	C:\Program Files\Java\jdk-15.0.2\bin\msvcp140.dll
0x00007ff9ee0d0000 - 0x00007ff9eec2e000 	C:\Program Files\Java\jdk-15.0.2\bin\server\jvm.dll
0x00007ffa349a0000 - 0x00007ffa349a8000 	C:\WINDOWS\System32\PSAPI.DLL
0x00007ffa31b00000 - 0x00007ffa31b09000 	C:\WINDOWS\SYSTEM32\WSOCK32.dll
0x00007ffa34c90000 - 0x00007ffa34cfb000 	C:\WINDOWS\System32\WS2_32.dll
0x00007ffa22260000 - 0x00007ffa22287000 	C:\WINDOWS\SYSTEM32\WINMM.dll
0x00007ffa31d80000 - 0x00007ffa31d92000 	C:\WINDOWS\SYSTEM32\kernel.appcore.dll
0x00007ffa24660000 - 0x00007ffa2466a000 	C:\Program Files\Java\jdk-15.0.2\bin\jimage.dll
0x00007ffa318f0000 - 0x00007ffa31ad4000 	C:\WINDOWS\SYSTEM32\DBGHELP.DLL
0x00007ffa24570000 - 0x00007ffa2459c000 	C:\WINDOWS\SYSTEM32\dbgcore.DLL
0x00007ffa333e0000 - 0x00007ffa33463000 	C:\WINDOWS\System32\bcryptPrimitives.dll
0x00007ffa01f00000 - 0x00007ffa01f25000 	C:\Program Files\Java\jdk-15.0.2\bin\java.dll

dbghelp: loaded successfully - version: 4.0.5 - missing functions: none
symbol engine: initialized successfully - sym options: 0x614 - pdb path: .;C:\Program Files\Java\jdk-15.0.2\bin;C:\WINDOWS\SYSTEM32;C:\Program Files\AVAST Software\Avast;C:\WINDOWS\WinSxS\amd64_microsoft.windows.common-controls_6595b64144ccf1df_6.0.19041.1110_none_60b5254171f9507e;C:\Program Files\Java\jdk-15.0.2\bin\server

VM Arguments:
jvm_args: -Dorg.gradle.appname=gradlew 
java_command: org.gradle.wrapper.GradleWrapperMain -q -Ptarget-platform=android-arm -Ptarget=D:\App\lib\main.dart -Ptrack-widget-creation=true -Pfilesystem-scheme=org-dartlang-root assembleDebug
java_class_path (initial): D:\App\android\\gradle\wrapper\gradle-wrapper.jar
Launcher Type: SUN_STANDARD

[Global flags]
     intx CICompilerCount                          = 2                                         {product} {ergonomic}
     uint ConcGCThreads                            = 1                                         {product} {ergonomic}
     uint G1ConcRefinementThreads                  = 2                                         {product} {ergonomic}
   size_t G1HeapRegionSize                         = 1048576                                   {product} {ergonomic}
    uintx GCDrainStackTargetSize                   = 64                                        {product} {ergonomic}
   size_t InitialHeapSize                          = 67108864                                  {product} {ergonomic}
   size_t MarkStackSize                            = 4194304                                   {product} {ergonomic}
   size_t MaxHeapSize                              = 1050673152                                {product} {ergonomic}
   size_t MinHeapDeltaBytes                        = 1048576                                   {product} {ergonomic}
   size_t MinHeapSize                              = 8388608                                   {product} {ergonomic}
    uintx NonNMethodCodeHeapSize                   = 5826188                                {pd product} {ergonomic}
    uintx NonProfiledCodeHeapSize                  = 122916026                              {pd product} {ergonomic}
    uintx ProfiledCodeHeapSize                     = 122916026                              {pd product} {ergonomic}
    uintx ReservedCodeCacheSize                    = 251658240                              {pd product} {ergonomic}
     bool SegmentedCodeCache                       = true                                      {product} {ergonomic}
   size_t SoftMaxHeapSize                          = 1050673152                             {manageable} {ergonomic}
     bool UseCompressedClassPointers               = true                                 {lp64_product} {ergonomic}
     bool UseCompressedOops                        = true                                 {lp64_product} {ergonomic}
     bool UseG1GC                                  = true                                      {product} {ergonomic}
     bool UseLargePagesIndividualAllocation        = false                                  {pd product} {ergonomic}

Logging:
Log output configuration:
 #0: stdout all=warning uptime,level,tags
 #1: stderr all=off uptime,level,tags

Environment Variables:
JAVA_HOME=C:\Program Files\Java\jdk-15.0.2
CLASSPATH=D:\App\android\\gradle\wrapper\gradle-wrapper.jar
PATH=C:\Program Files (x86)\Common Files\Oracle\Java\javapath;C:\WINDOWS\system32;C:\WINDOWS;C:\WINDOWS\System32\Wbem;C:\WINDOWS\System32\WindowsPowerShell\v1.0\;C:\WINDOWS\System32\OpenSSH\;C:\Program Files\ffmpeg;C:\Program Files\Git\cmd;C:\Program Files\nodejs\;C:\ProgramData\chocolatey\bin;C:\Users\USER\AppData\Local\Android\SDK\platform-tools;C:\Users\USER\AppData\Local\Android\SDK\tools;C:\src\dart-sdk\bin;D:\flutter\bin;C:\Users\USER\AppData\Local\Microsoft\WindowsApps;C:\Users\USER\AppData\Roaming\npm;C:\Users\USER\AppData\Roaming\Pub\Cache\bin;C:\Program Files\Java\jre1.8.0_281\bin;
USERNAME=USER
OS=Windows_NT
PROCESSOR_IDENTIFIER=Intel64 Family 6 Model 76 Stepping 3, GenuineIntel



---------------  S Y S T E M  ---------------

OS:
 Windows 10 , 64 bit Build 19041 (10.0.19041.1151)
OS uptime: 3 days 16:30 hours

CPU: total 2 (initial active 2) (2 cores per cpu, 1 threads per core) family 6 model 76 stepping 3 microcode 0x368, cmov, cx8, fxsr, mmx, sse, sse2, sse3, ssse3, sse4.1, sse4.2, popcnt, aes, clmul, erms, 3dnowpref, tsc, tscinvbit, clflush

Memory: 4k page, system-wide physical 4007M (820M free)
TotalPageFile size 16295M (AvailPageFile size 61M)
current process WorkingSet (physical memory assigned to process): 10M, peak: 10M
current process commit charge ("private bytes"): 47M, peak: 111M

vm_info: Java HotSpot(TM) 64-Bit Server VM (15.0.2+7-27) for windows-amd64 JRE (15.0.2+7-27), built on Dec  7 2020 20:07:01 by "mach5one" with unknown MS VC++:1925

END.
